生成启动时间为 2020/5/27 11:23:38。
     1>项目“D:\VS Projects\牛客网--深信服(星耀计划)--求黄金时间段\牛客网--深信服(星耀计划)--求黄金时间段\牛客网--深信服(星耀计划)--求黄金时间段.vcxproj”在节点 2 上(Build 个目标)。
     1>ClCompile:
         E:\BaiduNetdiskDownload\vs安装\VC\bin\CL.exe /c /ZI /nologo /W3 /WX- /sdl /Od /Oy- /D _UNICODE /D UNICODE /Gm /EHsc /RTC1 /MDd /GS /fp:precise /Zc:wchar_t /Zc:forScope /Fo"Debug\\" /Fd"Debug\vc120.pdb" /Gd /TP /analyze- /errorReport:prompt Test.cpp
         Test.cpp
     1>d:\vs projects\牛客网--深信服(星耀计划)--求黄金时间段\牛客网--深信服(星耀计划)--求黄金时间段\test.cpp(5): error C2146: 语法错误: 缺少“;”(在标识符“org”的前面)
     1>d:\vs projects\牛客网--深信服(星耀计划)--求黄金时间段\牛客网--深信服(星耀计划)--求黄金时间段\test.cpp(5): error C4430: 缺少类型说明符 - 假定为 int。注意:  C++ 不支持默认 int
     1>d:\vs projects\牛客网--深信服(星耀计划)--求黄金时间段\牛客网--深信服(星耀计划)--求黄金时间段\test.cpp(5): error C2143: 语法错误 : 缺少“;”(在“.”的前面)
     1>d:\vs projects\牛客网--深信服(星耀计划)--求黄金时间段\牛客网--深信服(星耀计划)--求黄金时间段\test.cpp(7): error C2146: 语法错误: 缺少“;”(在标识符“java”的前面)
     1>d:\vs projects\牛客网--深信服(星耀计划)--求黄金时间段\牛客网--深信服(星耀计划)--求黄金时间段\test.cpp(7): error C4430: 缺少类型说明符 - 假定为 int。注意:  C++ 不支持默认 int
     1>d:\vs projects\牛客网--深信服(星耀计划)--求黄金时间段\牛客网--深信服(星耀计划)--求黄金时间段\test.cpp(7): error C2143: 语法错误 : 缺少“;”(在“.”的前面)
     1>d:\vs projects\牛客网--深信服(星耀计划)--求黄金时间段\牛客网--深信服(星耀计划)--求黄金时间段\test.cpp(8): error C2146: 语法错误: 缺少“;”(在标识符“java”的前面)
     1>d:\vs projects\牛客网--深信服(星耀计划)--求黄金时间段\牛客网--深信服(星耀计划)--求黄金时间段\test.cpp(8): error C4430: 缺少类型说明符 - 假定为 int。注意:  C++ 不支持默认 int
     1>d:\vs projects\牛客网--深信服(星耀计划)--求黄金时间段\牛客网--深信服(星耀计划)--求黄金时间段\test.cpp(8): error C2086: “int import”: 重定义
                 d:\vs projects\牛客网--深信服(星耀计划)--求黄金时间段\牛客网--深信服(星耀计划)--求黄金时间段\test.cpp(7) : 参见“import”的声明
     1>d:\vs projects\牛客网--深信服(星耀计划)--求黄金时间段\牛客网--深信服(星耀计划)--求黄金时间段\test.cpp(8): error C2143: 语法错误 : 缺少“;”(在“.”的前面)
     1>d:\vs projects\牛客网--深信服(星耀计划)--求黄金时间段\牛客网--深信服(星耀计划)--求黄金时间段\test.cpp(8): error C2086: “int java”: 重定义
                 d:\vs projects\牛客网--深信服(星耀计划)--求黄金时间段\牛客网--深信服(星耀计划)--求黄金时间段\test.cpp(7) : 参见“java”的声明
     1>d:\vs projects\牛客网--深信服(星耀计划)--求黄金时间段\牛客网--深信服(星耀计划)--求黄金时间段\test.cpp(9): error C2146: 语法错误: 缺少“;”(在标识符“java”的前面)
     1>d:\vs projects\牛客网--深信服(星耀计划)--求黄金时间段\牛客网--深信服(星耀计划)--求黄金时间段\test.cpp(9): error C4430: 缺少类型说明符 - 假定为 int。注意:  C++ 不支持默认 int
     1>d:\vs projects\牛客网--深信服(星耀计划)--求黄金时间段\牛客网--深信服(星耀计划)--求黄金时间段\test.cpp(9): error C2086: “int import”: 重定义
                 d:\vs projects\牛客网--深信服(星耀计划)--求黄金时间段\牛客网--深信服(星耀计划)--求黄金时间段\test.cpp(7) : 参见“import”的声明
     1>d:\vs projects\牛客网--深信服(星耀计划)--求黄金时间段\牛客网--深信服(星耀计划)--求黄金时间段\test.cpp(9): error C2143: 语法错误 : 缺少“;”(在“.”的前面)
     1>d:\vs projects\牛客网--深信服(星耀计划)--求黄金时间段\牛客网--深信服(星耀计划)--求黄金时间段\test.cpp(9): error C2086: “int java”: 重定义
                 d:\vs projects\牛客网--深信服(星耀计划)--求黄金时间段\牛客网--深信服(星耀计划)--求黄金时间段\test.cpp(7) : 参见“java”的声明
     1>d:\vs projects\牛客网--深信服(星耀计划)--求黄金时间段\牛客网--深信服(星耀计划)--求黄金时间段\test.cpp(15): error C2144: 语法错误:“Node”的前面应有“:”
     1>d:\vs projects\牛客网--深信服(星耀计划)--求黄金时间段\牛客网--深信服(星耀计划)--求黄金时间段\test.cpp(21): error C2059: 语法错误:“public”
     1>d:\vs projects\牛客网--深信服(星耀计划)--求黄金时间段\牛客网--深信服(星耀计划)--求黄金时间段\test.cpp(21): error C2236: 意外的标记“class”。是否忘记了“;”?
     1>d:\vs projects\牛客网--深信服(星耀计划)--求黄金时间段\牛客网--深信服(星耀计划)--求黄金时间段\test.cpp(21): error C2143: 语法错误 : 缺少“;”(在“{”的前面)
     1>d:\vs projects\牛客网--深信服(星耀计划)--求黄金时间段\牛客网--深信服(星耀计划)--求黄金时间段\test.cpp(21): error C2447: “{”: 缺少函数标题(是否是老式的形式表?)
     1>d:\vs projects\牛客网--深信服(星耀计划)--求黄金时间段\牛客网--深信服(星耀计划)--求黄金时间段\test.cpp(36): error C2018: 未知字符“0x40”
     1>已完成生成项目“D:\VS Projects\牛客网--深信服(星耀计划)--求黄金时间段\牛客网--深信服(星耀计划)--求黄金时间段\牛客网--深信服(星耀计划)--求黄金时间段.vcxproj”(Build 个目标)的操作 - 失败。

生成失败。

已用时间 00:00:00.70
